d:\cod_microproc\number_conversion\topic_14_dima\vs_topic_14\visualgdb\debug\vs_topic_14.link.rsp
d:\cod_microproc\number_conversion\topic_14_dima\vs_topic_14\visualgdb\debug\vs_topic_14.bin
d:\cod_microproc\number_conversion\topic_14_dima\vs_topic_14\visualgdb\debug\vs_topic_14
d:\cod_microproc\number_conversion\topic_14_dima\vs_topic_14\vs_topic_14\visualgdb\debug\vs_topic_14.alldeps
d:\cod_microproc\number_conversion\topic_14_dima\vs_topic_14\vs_topic_14\visualgdb\debug\_2_\topic_14\core\src\7_3_led.o
d:\cod_microproc\number_conversion\topic_14_dima\vs_topic_14\vs_topic_14\visualgdb\debug\_2_\topic_14\core\src\main.o
d:\cod_microproc\number_conversion\topic_14_dima\vs_topic_14\vs_topic_14\visualgdb\debug\_2_\topic_14\core\src\stm32f1xx_hal_msp.o
d:\cod_microproc\number_conversion\topic_14_dima\vs_topic_14\vs_topic_14\visualgdb\debug\_2_\topic_14\core\src\stm32f1xx_it.o
d:\cod_microproc\number_conversion\topic_14_dima\vs_topic_14\vs_topic_14\visualgdb\debug\_2_\topic_14\core\src\7_3_led.dep
d:\cod_microproc\number_conversion\topic_14_dima\vs_topic_14\vs_topic_14\visualgdb\debug\_2_\topic_14\core\src\main.dep
d:\cod_microproc\number_conversion\topic_14_dima\vs_topic_14\vs_topic_14\visualgdb\debug\_2_\topic_14\core\src\stm32f1xx_hal_msp.dep
d:\cod_microproc\number_conversion\topic_14_dima\vs_topic_14\vs_topic_14\visualgdb\debug\_2_\topic_14\core\src\stm32f1xx_it.dep
d:\cod_microproc\number_conversion\topic_14_dima\vs_topic_14\vs_topic_14\visualgdb\debug\_2_\topic_14\core\src\7_3_led.gcc.rsp
d:\cod_microproc\number_conversion\topic_14_dima\vs_topic_14\vs_topic_14\visualgdb\debug\_2_\topic_14\core\src\main.gcc.rsp
d:\cod_microproc\number_conversion\topic_14_dima\vs_topic_14\vs_topic_14\visualgdb\debug\_2_\topic_14\core\src\stm32f1xx_hal_msp.gcc.rsp
d:\cod_microproc\number_conversion\topic_14_dima\vs_topic_14\vs_topic_14\visualgdb\debug\_2_\topic_14\core\src\stm32f1xx_it.gcc.rsp
d:\cod_microproc\number_conversion\topic_14_dima\vs_topic_14\vs_topic_14\visualgdb\debug\_2_\topic_14\drivers\cmsis\device\st\stm32f1xx\source\templates\system_stm32f1xx.o
d:\cod_microproc\number_conversion\topic_14_dima\vs_topic_14\vs_topic_14\visualgdb\debug\_2_\topic_14\drivers\cmsis\device\st\stm32f1xx\source\templates\system_stm32f1xx.dep
d:\cod_microproc\number_conversion\topic_14_dima\vs_topic_14\vs_topic_14\visualgdb\debug\_2_\topic_14\drivers\cmsis\device\st\stm32f1xx\source\templates\system_stm32f1xx.gcc.rsp
d:\cod_microproc\number_conversion\topic_14_dima\vs_topic_14\vs_topic_14\visualgdb\debug\_2_\topic_14\drivers\stm32f1xx_hal_driver\src\stm32f1xx_hal.o
d:\cod_microproc\number_conversion\topic_14_dima\vs_topic_14\vs_topic_14\visualgdb\debug\_2_\topic_14\drivers\stm32f1xx_hal_driver\src\stm32f1xx_hal_cortex.o
d:\cod_microproc\number_conversion\topic_14_dima\vs_topic_14\vs_topic_14\visualgdb\debug\_2_\topic_14\drivers\stm32f1xx_hal_driver\src\stm32f1xx_hal_dma.o
d:\cod_microproc\number_conversion\topic_14_dima\vs_topic_14\vs_topic_14\visualgdb\debug\_2_\topic_14\drivers\stm32f1xx_hal_driver\src\stm32f1xx_hal_exti.o
d:\cod_microproc\number_conversion\topic_14_dima\vs_topic_14\vs_topic_14\visualgdb\debug\_2_\topic_14\drivers\stm32f1xx_hal_driver\src\stm32f1xx_hal_flash.o
d:\cod_microproc\number_conversion\topic_14_dima\vs_topic_14\vs_topic_14\visualgdb\debug\_2_\topic_14\drivers\stm32f1xx_hal_driver\src\stm32f1xx_hal_flash_ex.o
d:\cod_microproc\number_conversion\topic_14_dima\vs_topic_14\vs_topic_14\visualgdb\debug\_2_\topic_14\drivers\stm32f1xx_hal_driver\src\stm32f1xx_hal_gpio.o
d:\cod_microproc\number_conversion\topic_14_dima\vs_topic_14\vs_topic_14\visualgdb\debug\_2_\topic_14\drivers\stm32f1xx_hal_driver\src\stm32f1xx_hal_gpio_ex.o
d:\cod_microproc\number_conversion\topic_14_dima\vs_topic_14\vs_topic_14\visualgdb\debug\_2_\topic_14\drivers\stm32f1xx_hal_driver\src\stm32f1xx_hal_pwr.o
d:\cod_microproc\number_conversion\topic_14_dima\vs_topic_14\vs_topic_14\visualgdb\debug\_2_\topic_14\drivers\stm32f1xx_hal_driver\src\stm32f1xx_hal_rcc.o
d:\cod_microproc\number_conversion\topic_14_dima\vs_topic_14\vs_topic_14\visualgdb\debug\_2_\topic_14\drivers\stm32f1xx_hal_driver\src\stm32f1xx_hal_rcc_ex.o
d:\cod_microproc\number_conversion\topic_14_dima\vs_topic_14\vs_topic_14\visualgdb\debug\_2_\topic_14\drivers\stm32f1xx_hal_driver\src\stm32f1xx_hal_tim.o
d:\cod_microproc\number_conversion\topic_14_dima\vs_topic_14\vs_topic_14\visualgdb\debug\_2_\topic_14\drivers\stm32f1xx_hal_driver\src\stm32f1xx_hal_tim_ex.o
d:\cod_microproc\number_conversion\topic_14_dima\vs_topic_14\vs_topic_14\visualgdb\debug\_2_\topic_14\drivers\stm32f1xx_hal_driver\src\stm32f1xx_hal.dep
d:\cod_microproc\number_conversion\topic_14_dima\vs_topic_14\vs_topic_14\visualgdb\debug\_2_\topic_14\drivers\stm32f1xx_hal_driver\src\stm32f1xx_hal_cortex.dep
d:\cod_microproc\number_conversion\topic_14_dima\vs_topic_14\vs_topic_14\visualgdb\debug\_2_\topic_14\drivers\stm32f1xx_hal_driver\src\stm32f1xx_hal_dma.dep
d:\cod_microproc\number_conversion\topic_14_dima\vs_topic_14\vs_topic_14\visualgdb\debug\_2_\topic_14\drivers\stm32f1xx_hal_driver\src\stm32f1xx_hal_exti.dep
d:\cod_microproc\number_conversion\topic_14_dima\vs_topic_14\vs_topic_14\visualgdb\debug\_2_\topic_14\drivers\stm32f1xx_hal_driver\src\stm32f1xx_hal_flash.dep
d:\cod_microproc\number_conversion\topic_14_dima\vs_topic_14\vs_topic_14\visualgdb\debug\_2_\topic_14\drivers\stm32f1xx_hal_driver\src\stm32f1xx_hal_flash_ex.dep
d:\cod_microproc\number_conversion\topic_14_dima\vs_topic_14\vs_topic_14\visualgdb\debug\_2_\topic_14\drivers\stm32f1xx_hal_driver\src\stm32f1xx_hal_gpio.dep
d:\cod_microproc\number_conversion\topic_14_dima\vs_topic_14\vs_topic_14\visualgdb\debug\_2_\topic_14\drivers\stm32f1xx_hal_driver\src\stm32f1xx_hal_gpio_ex.dep
d:\cod_microproc\number_conversion\topic_14_dima\vs_topic_14\vs_topic_14\visualgdb\debug\_2_\topic_14\drivers\stm32f1xx_hal_driver\src\stm32f1xx_hal_pwr.dep
d:\cod_microproc\number_conversion\topic_14_dima\vs_topic_14\vs_topic_14\visualgdb\debug\_2_\topic_14\drivers\stm32f1xx_hal_driver\src\stm32f1xx_hal_rcc.dep
d:\cod_microproc\number_conversion\topic_14_dima\vs_topic_14\vs_topic_14\visualgdb\debug\_2_\topic_14\drivers\stm32f1xx_hal_driver\src\stm32f1xx_hal_rcc_ex.dep
d:\cod_microproc\number_conversion\topic_14_dima\vs_topic_14\vs_topic_14\visualgdb\debug\_2_\topic_14\drivers\stm32f1xx_hal_driver\src\stm32f1xx_hal_tim.dep
d:\cod_microproc\number_conversion\topic_14_dima\vs_topic_14\vs_topic_14\visualgdb\debug\_2_\topic_14\drivers\stm32f1xx_hal_driver\src\stm32f1xx_hal_tim_ex.dep
d:\cod_microproc\number_conversion\topic_14_dima\vs_topic_14\vs_topic_14\visualgdb\debug\_2_\topic_14\drivers\stm32f1xx_hal_driver\src\stm32f1xx_hal.gcc.rsp
d:\cod_microproc\number_conversion\topic_14_dima\vs_topic_14\vs_topic_14\visualgdb\debug\_2_\topic_14\drivers\stm32f1xx_hal_driver\src\stm32f1xx_hal_cortex.gcc.rsp
d:\cod_microproc\number_conversion\topic_14_dima\vs_topic_14\vs_topic_14\visualgdb\debug\_2_\topic_14\drivers\stm32f1xx_hal_driver\src\stm32f1xx_hal_dma.gcc.rsp
d:\cod_microproc\number_conversion\topic_14_dima\vs_topic_14\vs_topic_14\visualgdb\debug\_2_\topic_14\drivers\stm32f1xx_hal_driver\src\stm32f1xx_hal_exti.gcc.rsp
d:\cod_microproc\number_conversion\topic_14_dima\vs_topic_14\vs_topic_14\visualgdb\debug\_2_\topic_14\drivers\stm32f1xx_hal_driver\src\stm32f1xx_hal_flash.gcc.rsp
d:\cod_microproc\number_conversion\topic_14_dima\vs_topic_14\vs_topic_14\visualgdb\debug\_2_\topic_14\drivers\stm32f1xx_hal_driver\src\stm32f1xx_hal_flash_ex.gcc.rsp
d:\cod_microproc\number_conversion\topic_14_dima\vs_topic_14\vs_topic_14\visualgdb\debug\_2_\topic_14\drivers\stm32f1xx_hal_driver\src\stm32f1xx_hal_gpio.gcc.rsp
d:\cod_microproc\number_conversion\topic_14_dima\vs_topic_14\vs_topic_14\visualgdb\debug\_2_\topic_14\drivers\stm32f1xx_hal_driver\src\stm32f1xx_hal_gpio_ex.gcc.rsp
d:\cod_microproc\number_conversion\topic_14_dima\vs_topic_14\vs_topic_14\visualgdb\debug\_2_\topic_14\drivers\stm32f1xx_hal_driver\src\stm32f1xx_hal_pwr.gcc.rsp
d:\cod_microproc\number_conversion\topic_14_dima\vs_topic_14\vs_topic_14\visualgdb\debug\_2_\topic_14\drivers\stm32f1xx_hal_driver\src\stm32f1xx_hal_rcc.gcc.rsp
d:\cod_microproc\number_conversion\topic_14_dima\vs_topic_14\vs_topic_14\visualgdb\debug\_2_\topic_14\drivers\stm32f1xx_hal_driver\src\stm32f1xx_hal_rcc_ex.gcc.rsp
d:\cod_microproc\number_conversion\topic_14_dima\vs_topic_14\vs_topic_14\visualgdb\debug\_2_\topic_14\drivers\stm32f1xx_hal_driver\src\stm32f1xx_hal_tim.gcc.rsp
d:\cod_microproc\number_conversion\topic_14_dima\vs_topic_14\vs_topic_14\visualgdb\debug\_2_\topic_14\drivers\stm32f1xx_hal_driver\src\stm32f1xx_hal_tim_ex.gcc.rsp
d:\cod_microproc\number_conversion\topic_14_dima\vs_topic_14\vs_topic_14\visualgdb\debug\__bsp_root__\stm32f1xxxx\startupfiles\startup_stm32f103xb.o
d:\cod_microproc\number_conversion\topic_14_dima\vs_topic_14\vs_topic_14\visualgdb\debug\__bsp_root__\stm32f1xxxx\startupfiles\startup_stm32f103xb.dep
d:\cod_microproc\number_conversion\topic_14_dima\vs_topic_14\vs_topic_14\visualgdb\debug\__bsp_root__\stm32f1xxxx\startupfiles\startup_stm32f103xb.gcc.rsp
